
[2K[1G[1myarn run v1.22.19[22m
[2K[1G[2m$ next build[22m
   [1m[38;2;173;127;168m▲ Next.js 15.1.3[39m[22m

 [37m[1m [22m[39m Creating an optimized production build ...
 ⚠ Found lockfile missing swc dependencies, patching...
 ⚠ Found lockfile missing swc dependencies, patching...
 ⚠ Found lockfile missing swc dependencies, patching...
 [32m[1m✓[22m[39m Compiled successfully
[?25l [37m[1m [22m[39m Linting and checking validity of types  [36m.[39m[2K[1G [37m[1m [22m[39m Linting and checking validity of types  [36m..[39m[2K[1G [37m[1m [22m[39m Linting and checking validity of types  [36m...[39m[2K[1G [37m[1m [22m[39m Linting and checking validity of types  [36m.[39m[2K[1G [37m[1m [22m[39m Linting and checking validity of types  [36m..[39m[2K[1G [37m[1m [22m[39m Linting and checking validity of types  [36m...[39m[2K[1G [37m[1m [22m[39m Linting and checking validity of types  [36m.[39m[2K[1G[?25h [37m[1m [22m[39m Linting and checking validity of types     [32m[1m✓[22m[39m Linting and checking validity of types 
[?25l [37m[1m [22m[39m Collecting page data  [36m.[39m[2K[1G[?25h [33m[1m⚠[22m[39m Found lockfile missing swc dependencies, patching...
[?25l [36m.[39m [2K[1G [36m..[39m [2K[1G[?25h    [32m[1m✓[22m[39m Collecting page data 
[?25l [37m[1m [22m[39m Generating static pages (0/5)  [36m[    ][39m[2K[1G [37m[1m [22m[39m Generating static pages (0/5)  [36m[=   ][39m[2K[1G [37m[1m [22m[39m Generating static pages (0/5)  [36m[==  ][39m[2K[1G[?25h [32m[1m✓[22m[39m Generating static pages (5/5)
[?25l [37m[1m [22m[39m Finalizing page optimization  [36m.[39m[?25l [37m[1m [22m[39m Collecting build traces  [36m.[39m[2K[1G [37m[1m [22m[39m Finalizing page optimization  [36m..[39m[2K[1G [37m[1m [22m[39m Collecting build traces  [36m..[39m[2K[1G [37m[1m [22m[39m Finalizing page optimization  [36m...[39m[2K[1G [37m[1m [22m[39m Collecting build traces  [36m...[39m[2K[1G [37m[1m [22m[39m Finalizing page optimization  [36m.[39m[2K[1G [37m[1m [22m[39m Collecting build traces  [36m.[39m[2K[1G [37m[1m [22m[39m Finalizing page optimization  [36m..[39m[2K[1G [37m[1m [22m[39m Collecting build traces  [36m..[39m[2K[1G [37m[1m [22m[39m Finalizing page optimization  [36m...[39m[2K[1G [37m[1m [22m[39m Collecting build traces  [36m...[39m[2K[1G [37m[1m [22m[39m Finalizing page optimization  [36m.[39m[2K[1G [37m[1m [22m[39m Collecting build traces  [36m.[39m[2K[1G [37m[1m [22m[39m Finalizing page optimization  [36m..[39m[2K[1G [37m[1m [22m[39m Collecting build traces  [36m..[39m[2K[1G [37m[1m [22m[39m Finalizing page optimization  [36m...[39m[2K[1G [37m[1m [22m[39m Collecting build traces  [36m...[39m[2K[1G [37m[1m [22m[39m Finalizing page optimization  [36m.[39m[2K[1G [37m[1m [22m[39m Collecting build traces  [36m.[39m[2K[1G[?25h[2K[1G[?25h [33m[1m⚠[22m[39m Lockfile was successfully patched, please run "npm install" to ensure @next/swc dependencies are downloaded
[?25l [36m.[39m [?25l [36m.[39m [2K[1G[?25h    [32m[1m✓[22m[39m Collecting build traces 
[2K[1G[?25h    [32m[1m✓[22m[39m Finalizing page optimization 

[4mRoute (app)[24m                              [4mSize[24m     [4mFirst Load JS[24m
┌ ○ /                                    5.78 kB         [37m[1m111 kB[22m[39m
└ ○ /_not-found                          981 B           [37m[1m106 kB[22m[39m
+ First Load JS shared by all            [37m[1m105 kB[22m[39m
  ├ chunks/855-5811f14f35e49bab.js       50.5 kB
  ├ chunks/87c73c54-9449146b8a9f8dce.js  52.9 kB
  └ other shared chunks (total)          1.89 kB


○  (Static)  prerendered as static content

[?25h[2K[1G✨  Done in 11.75s.
